{"/Users/david.buezas/code/plotly-graph-card/src/date-ranges.ts": {"path":"/Users/david.buezas/code/plotly-graph-card/src/date-ranges.ts","statementMap":{"0":{"start":{"line":2,"column":0},"end":{"line":2,"column":55}},"1":{"start":{"line":4,"column":31},"end":{"line":33,"column":1}},"2":{"start":{"line":9,"column":2},"end":{"line":9,"column":49}},"3":{"start":{"line":9,"column":23},"end":{"line":9,"column":49}},"4":{"start":{"line":10,"column":2},"end":{"line":10,"column":49}},"5":{"start":{"line":10,"column":23},"end":{"line":10,"column":49}},"6":{"start":{"line":12,"column":2},"end":{"line":16,"column":6}},"7":{"start":{"line":13,"column":4},"end":{"line":16,"column":6}},"8":{"start":{"line":18,"column":2},"end":{"line":18,"column":54}},"9":{"start":{"line":18,"column":44},"end":{"line":18,"column":54}},"10":{"start":{"line":20,"column":2},"end":{"line":21,"column":48}},"11":{"start":{"line":21,"column":4},"end":{"line":21,"column":48}},"12":{"start":{"line":23,"column":2},"end":{"line":32,"column":null}},"13":{"start":{"line":24,"column":4},"end":{"line":24,"column":53}},"14":{"start":{"line":26,"column":4},"end":{"line":26,"column":29}},"15":{"start":{"line":27,"column":4},"end":{"line":27,"column":34}},"16":{"start":{"line":28,"column":4},"end":{"line":28,"column":34}},"17":{"start":{"line":29,"column":4},"end":{"line":31,"column":6}},"18":{"start":{"line":35,"column":29},"end":{"line":36,"column":49}},"19":{"start":{"line":36,"column":2},"end":{"line":36,"column":49}},"20":{"start":{"line":36,"column":20},"end":{"line":36,"column":48}},"21":{"start":{"line":38,"column":13},"end":{"line":39,"column":64}},"22":{"start":{"line":39,"column":2},"end":{"line":39,"column":63}},"23":{"start":{"line":39,"column":27},"end":{"line":39,"column":58}},"24":{"start":{"line":41,"column":13},"end":{"line":53,"column":26}},"25":{"start":{"line":42,"column":2},"end":{"line":53,"column":25}},"26":{"start":{"line":44,"column":20},"end":{"line":44,"column":51}},"27":{"start":{"line":46,"column":6},"end":{"line":46,"column":42}},"28":{"start":{"line":46,"column":28},"end":{"line":46,"column":42}},"29":{"start":{"line":47,"column":19},"end":{"line":47,"column":38}},"30":{"start":{"line":48,"column":6},"end":{"line":51,"column":null}},"31":{"start":{"line":49,"column":34},"end":{"line":49,"column":52}},"32":{"start":{"line":50,"column":8},"end":{"line":50,"column":45}},"33":{"start":{"line":52,"column":6},"end":{"line":52,"column":28}}},"fnMap":{"0":{"name":"(anonymous_1)","decl":{"start":{"line":4,"column":31},"end":{"line":4,"column":null}},"loc":{"start":{"line":7,"column":17},"end":{"line":33,"column":1}}},"1":{"name":"(anonymous_2)","decl":{"start":{"line":35,"column":29},"end":{"line":35,"column":30}},"loc":{"start":{"line":36,"column":2},"end":{"line":36,"column":49}}},"2":{"name":"(anonymous_3)","decl":{"start":{"line":36,"column":13},"end":{"line":36,"column":14}},"loc":{"start":{"line":36,"column":20},"end":{"line":36,"column":48}}},"3":{"name":"(anonymous_4)","decl":{"start":{"line":38,"column":30},"end":{"line":38,"column":31}},"loc":{"start":{"line":39,"column":2},"end":{"line":39,"column":63}}},"4":{"name":"(anonymous_5)","decl":{"start":{"line":39,"column":12},"end":{"line":39,"column":13}},"loc":{"start":{"line":39,"column":27},"end":{"line":39,"column":58}}},"5":{"name":"(anonymous_6)","decl":{"start":{"line":41,"column":29},"end":{"line":41,"column":30}},"loc":{"start":{"line":42,"column":2},"end":{"line":53,"column":25}}},"6":{"name":"(anonymous_7)","decl":{"start":{"line":44,"column":10},"end":{"line":44,"column":11}},"loc":{"start":{"line":44,"column":20},"end":{"line":44,"column":51}}},"7":{"name":"(anonymous_8)","decl":{"start":{"line":45,"column":12},"end":{"line":45,"column":13}},"loc":{"start":{"line":45,"column":26},"end":{"line":53,"column":5}}}},"branchMap":{"0":{"loc":{"start":{"line":9,"column":2},"end":{"line":9,"column":49}},"type":"if","locations":[{"start":{"line":9,"column":2},"end":{"line":9,"column":49}},{"start":{"line":9,"column":2},"end":{"line":9,"column":49}}]},"1":{"loc":{"start":{"line":10,"column":2},"end":{"line":10,"column":49}},"type":"if","locations":[{"start":{"line":10,"column":2},"end":{"line":10,"column":49}},{"start":{"line":10,"column":2},"end":{"line":10,"column":49}}]},"2":{"loc":{"start":{"line":12,"column":2},"end":{"line":16,"column":6}},"type":"if","locations":[{"start":{"line":12,"column":2},"end":{"line":16,"column":6}},{"start":{"line":12,"column":2},"end":{"line":16,"column":6}}]},"3":{"loc":{"start":{"line":12,"column":6},"end":{"line":12,"column":40}},"type":"binary-expr","locations":[{"start":{"line":12,"column":6},"end":{"line":12,"column":23}},{"start":{"line":12,"column":27},"end":{"line":12,"column":40}}]},"4":{"loc":{"start":{"line":18,"column":2},"end":{"line":18,"column":54}},"type":"if","locations":[{"start":{"line":18,"column":2},"end":{"line":18,"column":54}},{"start":{"line":18,"column":2},"end":{"line":18,"column":54}}]},"5":{"loc":{"start":{"line":18,"column":6},"end":{"line":18,"column":42}},"type":"binary-expr","locations":[{"start":{"line":18,"column":6},"end":{"line":18,"column":24}},{"start":{"line":18,"column":28},"end":{"line":18,"column":42}}]},"6":{"loc":{"start":{"line":20,"column":2},"end":{"line":21,"column":48}},"type":"if","locations":[{"start":{"line":20,"column":2},"end":{"line":21,"column":48}},{"start":{"line":20,"column":2},"end":{"line":21,"column":48}}]},"7":{"loc":{"start":{"line":20,"column":6},"end":{"line":20,"column":61}},"type":"binary-expr","locations":[{"start":{"line":20,"column":6},"end":{"line":20,"column":24}},{"start":{"line":20,"column":28},"end":{"line":20,"column":44}},{"start":{"line":20,"column":48},"end":{"line":20,"column":61}}]},"8":{"loc":{"start":{"line":23,"column":2},"end":{"line":32,"column":null}},"type":"if","locations":[{"start":{"line":23,"column":2},"end":{"line":32,"column":null}},{"start":{"line":23,"column":2},"end":{"line":32,"column":null}}]},"9":{"loc":{"start":{"line":23,"column":6},"end":{"line":23,"column":61}},"type":"binary-expr","locations":[{"start":{"line":23,"column":6},"end":{"line":23,"column":23}},{"start":{"line":23,"column":27},"end":{"line":23,"column":43}},{"start":{"line":23,"column":47},"end":{"line":23,"column":61}}]},"10":{"loc":{"start":{"line":46,"column":6},"end":{"line":46,"column":42}},"type":"if","locations":[{"start":{"line":46,"column":6},"end":{"line":46,"column":42}},{"start":{"line":46,"column":6},"end":{"line":46,"column":42}}]},"11":{"loc":{"start":{"line":48,"column":6},"end":{"line":51,"column":null}},"type":"if","locations":[{"start":{"line":48,"column":6},"end":{"line":51,"column":null}},{"start":{"line":48,"column":6},"end":{"line":51,"column":null}}]}},"s":{"0":1,"1":1,"2":0,"3":0,"4":0,"5":0,"6":0,"7":0,"8":0,"9":0,"10":0,"11":0,"12":0,"13":0,"14":0,"15":0,"16":0,"17":0,"18":1,"19":1,"20":1,"21":1,"22":1,"23":1,"24":1,"25":0,"26":0,"27":0,"28":0,"29":0,"30":0,"31":0,"32":0,"33":0},"f":{"0":0,"1":1,"2":1,"3":1,"4":1,"5":0,"6":0,"7":0},"b":{"0":[0,0],"1":[0,0],"2":[0,0],"3":[0,0],"4":[0,0],"5":[0,0],"6":[0,0],"7":[0,0,0],"8":[0,0],"9":[0,0,0],"10":[0,0],"11":[0,0]}}
}
